{"C:\\Users\\Käyttäjä\\source\\NonStop\\javasScript\\testaus\\artimeettiset.js": {"path":"C:\\Users\\Käyttäjä\\source\\NonStop\\javasScript\\testaus\\artimeettiset.js","statementMap":{"0":{"start":{"line":1,"column":15},"end":{"line":1,"column":27}},"1":{"start":{"line":1,"column":24},"end":{"line":1,"column":27}},"2":{"start":{"line":5,"column":14},"end":{"line":5,"column":26}},"3":{"start":{"line":5,"column":23},"end":{"line":5,"column":26}},"4":{"start":{"line":6,"column":13},"end":{"line":6,"column":25}},"5":{"start":{"line":6,"column":22},"end":{"line":6,"column":25}},"6":{"start":{"line":7,"column":17},"end":{"line":7,"column":29}},"7":{"start":{"line":7,"column":26},"end":{"line":7,"column":29}},"8":{"start":{"line":8,"column":0},"end":{"line":8,"column":50}}},"fnMap":{"0":{"name":"(anonymous_0)","decl":{"start":{"line":1,"column":15},"end":{"line":1,"column":16}},"loc":{"start":{"line":1,"column":24},"end":{"line":1,"column":27}},"line":1},"1":{"name":"(anonymous_1)","decl":{"start":{"line":5,"column":14},"end":{"line":5,"column":15}},"loc":{"start":{"line":5,"column":23},"end":{"line":5,"column":26}},"line":5},"2":{"name":"(anonymous_2)","decl":{"start":{"line":6,"column":13},"end":{"line":6,"column":14}},"loc":{"start":{"line":6,"column":22},"end":{"line":6,"column":25}},"line":6},"3":{"name":"(anonymous_3)","decl":{"start":{"line":7,"column":17},"end":{"line":7,"column":18}},"loc":{"start":{"line":7,"column":26},"end":{"line":7,"column":29}},"line":7}},"branchMap":{},"s":{"0":1,"1":1,"2":1,"3":1,"4":1,"5":1,"6":1,"7":1,"8":1},"f":{"0":1,"1":1,"2":1,"3":1},"b":{},"_coverageSchema":"1a1c01bbd47fc00a2c39e90264f33305004495a9","hash":"55d901d65845932f886f10f591bdd33b89e00b97"}
,"C:\\Users\\Käyttäjä\\source\\NonStop\\javasScript\\testaus\\erotus.js": {"path":"C:\\Users\\Käyttäjä\\source\\NonStop\\javasScript\\testaus\\erotus.js","statementMap":{"0":{"start":{"line":2,"column":2},"end":{"line":2,"column":13}},"1":{"start":{"line":4,"column":0},"end":{"line":4,"column":24}}},"fnMap":{"0":{"name":"erotus","decl":{"start":{"line":1,"column":9},"end":{"line":1,"column":15}},"loc":{"start":{"line":1,"column":20},"end":{"line":3,"column":1}},"line":1}},"branchMap":{},"s":{"0":1,"1":1},"f":{"0":1},"b":{},"_coverageSchema":"1a1c01bbd47fc00a2c39e90264f33305004495a9","hash":"67afad5c96b2d1749a995f0447839619364f352f"}
,"C:\\Users\\Käyttäjä\\source\\NonStop\\javasScript\\testaus\\summa.js": {"path":"C:\\Users\\Käyttäjä\\source\\NonStop\\javasScript\\testaus\\summa.js","statementMap":{"0":{"start":{"line":2,"column":2},"end":{"line":2,"column":13}},"1":{"start":{"line":4,"column":0},"end":{"line":4,"column":23}}},"fnMap":{"0":{"name":"summa","decl":{"start":{"line":1,"column":9},"end":{"line":1,"column":14}},"loc":{"start":{"line":1,"column":20},"end":{"line":3,"column":1}},"line":1}},"branchMap":{},"s":{"0":1,"1":1},"f":{"0":1},"b":{},"_coverageSchema":"1a1c01bbd47fc00a2c39e90264f33305004495a9","hash":"4daf8157958a874876eefed4c6716b2d0ea275e1"}
}
